Arguments: 
  C:\Program Files\nodejs\node.exe C:\Users\Thinkpad\AppData\Roaming\npm\node_modules\yarn\bin\yarn.js install

PATH: 
  D:\Program Files\Cmder\bin;D:\Program Files\Cmder\vendor\conemu-maximus5\ConEmu\Scripts;D:\Program Files\Cmder\vendor\conemu-maximus5;D:\Program Files\Cmder\vendor\conemu-maximus5\ConEmu;C:\ProgramData\Oracle\Java\javapath;D:\software\Oracle11g\product\11.2.0\dbhome_1\bin;C:\Program Files (x86)\Intel\iCLS Client\;C:\Program Files\Intel\iCLS Client\;C:\WINDOWS\system32;C:\WINDOWS;C:\WINDOWS\System32\Wbem;C:\WINDOWS\System32\WindowsPowerShell\v1.0\;C:\Program Files (x86)\Intel\Intel(R) Management Engine Components\DAL;C:\Program Files\Intel\Intel(R) Management Engine Components\DAL;C:\Program Files (x86)\Intel\Intel(R) Management Engine Components\IPT;C:\Program Files\Intel\Intel(R) Management Engine Components\IPT;D:\startup;D:\work\javascript\vuejs-test\my-project;D:\Program Files\Git\cmd;C:\Program Files\Intel\WiFi\bin\;C:\Program Files\Common Files\Intel\WirelessCommon\;D:\software\Program Files\Sublime Text 3\;C:\Program Files\Java\jdk1.8.0_101\bin;C:\ProgramData\chocolatey\bin;C:\Android\android-sdk\tools;C:\Android\android-sdk\platform-tools;C:\Users\Thinkpad\AppData\Roaming\nvm;C:\Program Files\nodejs;C:\Users\Thinkpad\AppData\Local\Microsoft\WindowsApps;C:\Program Files\Java\jdk1.8.0_101\bin;D:\Program Files (x86)\Microsoft VS Code\bin;C:\Users\Thinkpad\AppData\Roaming\npm;D:\Android\SDK\platform-tools;D:\Android\SDK\tools;C:\Users\Thinkpad\AppData\Roaming\nvm;C:\Program Files\nodejs;D:\Program Files\Cmder;;D:\Program Files\Git\usr\bin;D:\Program Files\Git\usr\share\vim\vim74;D:\Program Files\Cmder\

Yarn version: 
  1.3.2

Node version: 
  8.9.1

Platform: 
  win32 x64

npm manifest: 
  {
    "name": "spider",
    "version": "0.0.1",
    "author": "mizne",
    "description": "spider",
    "repository": {},
    "scripts": {
      "dev": "ts-node src/dev.ts"
    },
    "dependencies": {
      "cheerio": "^1.0.0-rc.2",
      "cron": "^1.3.0",
      "mongoose": "^4.13.6",
      "puppeteer": "^0.13.0",
      "request": "^2.83.0",
      "axios": "^0.17.1",
      "leancloud-realtime": "^3.5.7",
      "leancloud-storage": "^3.4.2"
    },
    "devDependencies": {
      "@types/node": "^8.5.2",
      "@types/ora": "^1.3.1",
      "@types/puppeteer": "^0.13.9",
      "@types/uuid": "^3.4.3",
      "typescript": "^2.6.2"
    }
  }

yarn manifest: 
  No manifest

Lockfile: 
  No lockfile

Trace: 
  Error: connect ETIMEDOUT 114.55.80.225:443
      at Object._errnoException (util.js:1024:11)
      at _exceptionWithHostPort (util.js:1046:20)
      at TCPConnectWrap.afterConnect [as oncomplete] (net.js:1182:14)
